Log file open, 09/02/20 04:55:55
LogPlatformFile: Not using cached read wrapper
LogTaskGraph: Started task graph with 4 named threads and 9 total threads with 1 sets of task threads.
LogICUInternationalization: ICU TimeZone Detection - Raw Offset: +0:00, Platform Override: ''
LogInit: Build: ++UE4+Release-4.25-CL-0
LogInit: Engine Version: 4.25.3-0+++UE4+Release-4.25
LogInit: Compatible Engine Version: 4.25.0-0+++UE4+Release-4.25
LogInit: Net CL: 0
LogInit: OS: GenericOSVersionLabel (GenericOSSubVersionLabel), CPU: AMD Ryzen 5 1600X Six-Core Processor           , GPU: GenericGPUBrand
LogInit: Compiled (64-bit): Sep  2 2020 02:35:34
LogInit: Compiled with Clang: 9.0.1 
LogInit: Build Configuration: Shipping
LogInit: Branch Name: ++UE4+Release-4.25
LogInit: Command Line:  -Abslog="/home/jumperkables/kable_management/projects/jmprkbls_vr/Projects/First/Saved/Logs/First-CRC.log" "/home/jumperkables/kable_management/projects/jmprkbls_vr/Projects/First/Saved/Crashes/crashinfo-First-pid-104257-CED2838E975C4CEBB425601C58969882/"
LogInit: Base Directory: /home/jumperkables/kable_management/projects/jmprkbls_vr/UnrealEngine/Engine/Binaries/Linux/
LogInit: Allocator: binned2
LogInit: Installed Engine Build: 1
LogInit: Presizing for max 100000 objects, including 0 objects not considered by GC, pre-allocating 0 bytes for permanent pool.
LogConfig: Applying CVar settings from Section [/Script/Engine.StreamingSettings] File [/home/jumperkables/.config/Epic/CrashReportClient/Saved/Config/Linux/Engine.ini]
LogConfig: Setting CVar [[s.MinBulkDataSizeForAsyncLoading:131072]]
LogConfig: Setting CVar [[s.AsyncLoadingThreadEnabled:0]]
LogConfig: Setting CVar [[s.EventDrivenLoaderEnabled:1]]
LogConfig: Setting CVar [[s.WarnIfTimeLimitExceeded:0]]
LogConfig: Setting CVar [[s.TimeLimitExceededMultiplier:1.5]]
LogConfig: Setting CVar [[s.TimeLimitExceededMinTime:0.005]]
LogConfig: Setting CVar [[s.FlushStreamingOnExit:1]]
LogInit: Object subsystem initialized
LogConfig: Applying CVar settings from Section [ConsoleVariables] File [/home/jumperkables/.config/Epic/CrashReportClient/Saved/Config/Linux/Engine.ini]
[2020.09.02-03.55.55:681][  0]LogInit: Unix hardware info:
[2020.09.02-03.55.55:681][  0]LogInit:  - we are the first instance of this executable
[2020.09.02-03.55.55:681][  0]LogInit:  - this process' id (pid) is 105452, parent process' id (ppid) is 104257
[2020.09.02-03.55.55:681][  0]LogInit:  - we are not running under debugger
[2020.09.02-03.55.55:681][  0]LogInit:  - machine network name is 'alex'
[2020.09.02-03.55.55:682][  0]LogInit:  - user name is 'jumperkables' (jumperkables)
[2020.09.02-03.55.55:682][  0]LogInit:  - we're logged in locally
[2020.09.02-03.55.55:682][  0]LogInit:  - we're running with rendering
[2020.09.02-03.55.55:682][  0]LogInit:  - CPU: AuthenticAMD 'AMD Ryzen 5 1600X Six-Core Processor           ' (signature: 0x800F11)
[2020.09.02-03.55.55:682][  0]LogInit:  - Number of physical cores available for the process: 6
[2020.09.02-03.55.55:682][  0]LogInit:  - Number of logical cores available for the process: 12
[2020.09.02-03.55.55:682][  0]LogInit:  - Cache line size: 64
[2020.09.02-03.55.55:682][  0]LogInit:  - Memory allocator used: binned2
[2020.09.02-03.55.55:682][  0]LogInit:  - This binary is optimized with LTO: no, PGO: no, instrumented for PGO data collection: no
[2020.09.02-03.55.55:682][  0]LogInit:  - This is an internal build.
[2020.09.02-03.55.55:682][  0]LogCore: Skipped benchmarking clocks because the engine is running in a standalone program mode - CLOCK_MONOTONIC will be used.
[2020.09.02-03.55.55:682][  0]LogInit: Unix-specific commandline switches:
[2020.09.02-03.55.55:682][  0]LogInit:  -ansimalloc - use malloc()/free() from libc (useful for tools like valgrind and electric fence)
[2020.09.02-03.55.55:683][  0]LogInit:  -jemalloc - use jemalloc for all memory allocation
[2020.09.02-03.55.55:683][  0]LogInit:  -binnedmalloc - use binned malloc  for all memory allocation
[2020.09.02-03.55.55:683][  0]LogInit:  -filemapcachesize=NUMBER - set the size for case-sensitive file mapping cache
[2020.09.02-03.55.55:683][  0]LogInit:  -useksm - uses kernel same-page mapping (KSM) for mapped memory (OFF)
[2020.09.02-03.55.55:683][  0]LogInit:  -ksmmergeall - marks all mmap'd memory pages suitable for KSM (OFF)
[2020.09.02-03.55.55:683][  0]LogInit:  -preloadmodulesymbols - Loads the main module symbols file into memory (OFF)
[2020.09.02-03.55.55:683][  0]LogInit:  -sigdfl=SIGNAL - Allows a specific signal to be set to its default handler rather then ignoring the signal
[2020.09.02-03.55.55:683][  0]LogInit:  -httpproxy=ADDRESS:PORT - redirects HTTP requests to a proxy (only supported if compiled with libcurl)
[2020.09.02-03.55.55:683][  0]LogInit:  -reuseconn - allow libcurl to reuse HTTP connections (only matters if compiled with libcurl)
[2020.09.02-03.55.55:683][  0]LogInit:  -virtmemkb=NUMBER - sets process virtual memory (address space) limit (overrides VirtualMemoryLimitInKB value from .ini)
[2020.09.02-03.55.55:683][  0]LogInit:  - Physical RAM available (not considering process quota): 32 GB (32114 MB, 32884940 KB, 33674178560 bytes)
[2020.09.02-03.55.55:683][  0]LogInit:  - VirtualMemoryAllocator pools will grow at scale 1.4
[2020.09.02-03.55.55:683][  0]LogInit:  - MemoryRangeDecommit() will be a no-op (re-run with -vmapoolevict to change)
[2020.09.02-03.55.55:705][  0]LogUObjectArray: 353 objects as part of root set at end of initial load.
[2020.09.02-03.55.55:705][  0]LogUObjectAllocator: 60704 out of 0 bytes used by permanent object pool.
[2020.09.02-03.55.55:705][  0]LogUObjectArray: CloseDisregardForGC: 0/0 objects in disregard for GC pool
[2020.09.02-03.55.55:705][  0]LogInit: Using OS detected language (en-US-POSIX).
[2020.09.02-03.55.55:705][  0]LogInit: Using OS detected locale (en-US-POSIX).
[2020.09.02-03.55.55:706][  0]LogTextLocalizationManager: No localization for 'en-US-POSIX' exists, so 'en' will be used for the language.
[2020.09.02-03.55.55:706][  0]LogTextLocalizationManager: No localization for 'en-US-POSIX' exists, so 'en' will be used for the locale.
[2020.09.02-03.55.55:720][  0]LogInit: Using OS detected language (en-US-POSIX).
[2020.09.02-03.55.55:720][  0]LogInit: Using OS detected locale (en-US-POSIX).
[2020.09.02-03.55.55:720][  0]LogTextLocalizationManager: No localization for 'en-US-POSIX' exists, so 'en' will be used for the language.
[2020.09.02-03.55.55:720][  0]LogTextLocalizationManager: No localization for 'en-US-POSIX' exists, so 'en' will be used for the locale.
[2020.09.02-03.55.55:721][  0]LogTextLocalizationManager: Compacting localization data took   1.11ms
[2020.09.02-03.55.55:721][  0]LogPackageLocalizationCache: Processed 2 localized package path(s) for 1 prioritized culture(s) in 0.000049 seconds
[2020.09.02-03.55.55:721][  0]CrashReportCoreLog: CrashReportClientVersion=1.0
[2020.09.02-03.55.55:721][  0]CrashReportCoreLog: CrashReportReceiver disabled
[2020.09.02-03.55.55:721][  0]CrashReportCoreLog: DataRouterUrl: https://datarouter.ol.epicgames.com/datarouter/api/v1/public/data
[2020.09.02-03.55.55:728][  0]LogInit: Initializing SDL.
[2020.09.02-03.55.56:496][  0]LogInit: Initialized SDL 2.0.10 revision: 12952 (hg-12952:bc90ce38f1e2) (compiled against 2.0.10)
[2020.09.02-03.55.56:496][  0]LogInit: Using SDL video driver 'x11'
[2020.09.02-03.55.56:510][  0]LogSlate: New Slate User Created.  User Index 0, Is Virtual User: 0
[2020.09.02-03.55.56:510][  0]LogSlate: Slate User Registered.  User Index 0, Is Virtual User: 0
[2020.09.02-03.55.56:513][  0]LogSlate: Using FreeType 2.10.0
[2020.09.02-03.55.56:515][  0]LogSlate: SlateFontServices - WITH_FREETYPE: 1, WITH_HARFBUZZ: 1
[2020.09.02-03.55.56:515][  0]LogInit: Using SDL_WINDOW_OPENGL
[2020.09.02-03.55.56:535][  0]LogInit: FSlateOpenGLContext::Initialize - creating OpenGL 2.1 context
[2020.09.02-03.55.56:740][  0]CrashReportCoreLog: Initial state = Unknown UploadState value
[2020.09.02-03.55.56:740][  0]CrashReportCoreLog: Initial state = Unknown UploadState value
[2020.09.02-03.55.56:749][  0]LogInit: FSlateOpenGLContext::Initialize - creating OpenGL 2.1 context
[2020.09.02-03.55.56:798][  0]LogSlate: Took 0.000098 seconds to synchronously load lazily loaded font '../../../Engine/Content/Slate/Fonts/Roboto-Regular.ttf' (155K)
[2020.09.02-03.55.56:799][  0]LogSlate: Took 0.000100 seconds to synchronously load lazily loaded font '../../../Engine/Content/Slate/Fonts/Roboto-Bold.ttf' (160K)
[2020.09.02-03.55.56:803][  0]LogSlate: Took 0.000666 seconds to synchronously load lazily loaded font '../../../Engine/Content/Slate/Fonts/Roboto-Italic.ttf' (157K)
[2020.09.02-03.56.18:108][  0]CrashReportCoreLog: Got 5 pending files to upload from 'crashinfo-First-pid-104257-CED2838E975C4CEBB425601C58969882'
[2020.09.02-03.56.18:108][  0]CrashReportCoreLog: State change from Ready to SendingFiles
[2020.09.02-03.56.18:108][  0]CrashReportCoreLog: CompressAndSendData have 5 pending files
[2020.09.02-03.56.18:108][  0]CrashReportCoreLog: CompressAndSendData compressing 4 bytes ('/home/jumperkables/kable_management/projects/jmprkbls_vr/Projects/First/Saved/Crashes/crashinfo-First-pid-104257-CED2838E975C4CEBB425601C58969882/minidump.dmp')
[2020.09.02-03.56.18:108][  0]CrashReportCoreLog: CompressAndSendData compressing 412 bytes ('/home/jumperkables/kable_management/projects/jmprkbls_vr/Projects/First/Saved/Crashes/crashinfo-First-pid-104257-CED2838E975C4CEBB425601C58969882/Diagnostics.txt')
[2020.09.02-03.56.18:108][  0]CrashReportCoreLog: CompressAndSendData compressing 107 bytes ('/home/jumperkables/kable_management/projects/jmprkbls_vr/Projects/First/Saved/Crashes/crashinfo-First-pid-104257-CED2838E975C4CEBB425601C58969882/CrashReportClient.ini')
[2020.09.02-03.56.18:108][  0]CrashReportCoreLog: CompressAndSendData compressing 20287 bytes ('/home/jumperkables/kable_management/projects/jmprkbls_vr/Projects/First/Saved/Crashes/crashinfo-First-pid-104257-CED2838E975C4CEBB425601C58969882/CrashContext.runtime-xml')
[2020.09.02-03.56.18:108][  0]CrashReportCoreLog: CompressAndSendData compressing 215393 bytes ('/home/jumperkables/kable_management/projects/jmprkbls_vr/Projects/First/Saved/Crashes/crashinfo-First-pid-104257-CED2838E975C4CEBB425601C58969882/First.log')
[2020.09.02-03.56.18:135][  0]LogInit: Using libcurl 7.65.3-DEV
[2020.09.02-03.56.18:135][  0]LogInit:  - built for x86_64-unknown-linux-gnu
[2020.09.02-03.56.18:135][  0]LogInit:  - supports SSL with OpenSSL/1.1.1c
[2020.09.02-03.56.18:135][  0]LogInit:  - supports HTTP deflate (compression) using libz 1.2.8
[2020.09.02-03.56.18:135][  0]LogInit:  - other features:
[2020.09.02-03.56.18:135][  0]LogInit:      CURL_VERSION_SSL
[2020.09.02-03.56.18:135][  0]LogInit:      CURL_VERSION_LIBZ
[2020.09.02-03.56.18:135][  0]LogInit:      CURL_VERSION_IPV6
[2020.09.02-03.56.18:135][  0]LogInit:      CURL_VERSION_ASYNCHDNS
[2020.09.02-03.56.18:135][  0]LogInit:      CURL_VERSION_LARGEFILE
[2020.09.02-03.56.18:135][  0]LogInit:      CURL_VERSION_TLSAUTH_SRP
[2020.09.02-03.56.18:135][  0]LogInit:  CurlRequestOptions (configurable via config and command line):
[2020.09.02-03.56.18:135][  0]LogInit:  - bVerifyPeer = false  - Libcurl will NOT verify peer certificate
[2020.09.02-03.56.18:135][  0]LogInit:  - bUseHttpProxy = false  - Libcurl will NOT use HTTP proxy
[2020.09.02-03.56.18:135][  0]LogInit:  - bDontReuseConnections = false  - Libcurl will reuse connections
[2020.09.02-03.56.18:135][  0]LogInit:  - MaxHostConnections = 16  - Libcurl will limit the number of connections to a host
[2020.09.02-03.56.18:135][  0]LogInit:  - LocalHostAddr = Default
[2020.09.02-03.56.18:135][  0]LogInit:  - BufferSize = 65536
[2020.09.02-03.56.18:135][  0]CrashReportCoreLog: Sending HTTP request: https://datarouter.ol.epicgames.com/datarouter/api/v1/public/data?AppID=CrashReporter&AppVersion=4.25.3-0%2B%2B%2BUE4%2BRelease-4.25&AppEnvironment=Release&UploadType=crashreports&UserID=bc86d01bd66d41459199c428eda57b41-000003e8%7C%7Cbc86d01bd66d41459199c428eda57b41
[2020.09.02-03.56.18:675][  0]CrashReportCoreLog: OnProcessRequestComplete(), State=SendingFiles bSucceeded=1
[2020.09.02-03.56.18:675][  0]CrashReportCoreLog: State change from SendingFiles to SendingFiles
[2020.09.02-03.56.18:675][  0]CrashReportCoreLog: All uploads done
[2020.09.02-03.56.18:675][  0]CrashReportCoreLog: State change from SendingFiles to Finished
[2020.09.02-03.56.19:143][  0]LogSlate: Request Window 'Unreal Engine 4 Crash Reporter' being destroyed
[2020.09.02-03.56.19:143][  0]LogSlate: Window 'Unreal Engine 4 Crash Reporter' being destroyed
[2020.09.02-03.56.19:145][  0]LogCore: Engine exit requested (reason: OnRequestExit)
[2020.09.02-03.56.19:154][  0]CrashReportCoreLog: Final state (Receiver) = Finished
[2020.09.02-03.56.19:154][  0]CrashReportCoreLog: Final state (Receiver) = Unknown UploadState value
[2020.09.02-03.56.19:158][  0]LogSlate: Slate User Destroyed.  User Index 0, Is Virtual User: 0
[2020.09.02-03.56.19:158][  0]LogCore: Engine exit requested (reason: CrashReportClientApp RequestExit; note: exit was already requested)
[2020.09.02-03.56.19:158][  0]LogExit: Preparing to exit.
[2020.09.02-03.56.19:159][  0]LogExit: Object subsystem successfully closed.
[2020.09.02-03.56.19:162][  0]LogModuleManager: Shutting down and abandoning module HTTP (14)
[2020.09.02-03.56.19:191][  0]LogModuleManager: Shutting down and abandoning module SSL (13)
[2020.09.02-03.56.19:192][  0]LogModuleManager: Shutting down and abandoning module ImageWrapper (10)
[2020.09.02-03.56.19:192][  0]LogModuleManager: Shutting down and abandoning module InputCore (8)
[2020.09.02-03.56.19:192][  0]LogModuleManager: Shutting down and abandoning module CoreUObject (6)
[2020.09.02-03.56.19:192][  0]LogModuleManager: Shutting down and abandoning module PakFile (4)
[2020.09.02-03.56.19:192][  0]LogModuleManager: Shutting down and abandoning module RSA (3)
[2020.09.02-03.56.19:192][  0]LogExit: Exiting.
[2020.09.02-03.56.19:192][  0]LogInit: Tearing down SDL.
[2020.09.02-03.56.19:204][  0]Log file closed, 09/02/20 04:56:19
